<?xml version="1.0" encoding="UTF-8"?>
<!-- Generated by org.testng.reporters.JUnitReportReporter -->
<testsuite skipped="0" hostname="RYs-MacBook-Pro" name="test.classes.SilvecarHomePageLinksTest" tests="1" failures="0" timestamp="28 Aug 2019 16:53:29 GMT" time="28.799" errors="0">
  <testcase name="testAllLinks" time="28.799" classname="test.classes.SilvecarHomePageLinksTest"/>
</testsuite> <!-- test.classes.SilvecarHomePageLinksTest -->
