<?xml version="1.0" encoding="UTF-8"?>
<!-- Generated by org.testng.reporters.JUnitReportReporter -->
<testsuite skipped="0" hostname="RYs-MacBook-Pro" name="test.classes.LoginPageTest" tests="1" failures="0" timestamp="26 Aug 2019 03:10:19 GMT" time="7.997" errors="0">
  <testcase name="loginTest" time="7.997" classname="test.classes.LoginPageTest"/>
</testsuite> <!-- test.classes.LoginPageTest -->
