<?xml version="1.0" encoding="UTF-8"?>
<!-- Generated by org.testng.reporters.JUnitReportReporter -->
<testsuite skipped="0" hostname="RYs-MacBook-Pro" name="test.classes.AmazonHomePageLinksTest" tests="1" failures="0" timestamp="28 Aug 2019 17:01:58 GMT" time="156.103" errors="0">
  <testcase name="testAllLinks" time="156.103" classname="test.classes.AmazonHomePageLinksTest"/>
</testsuite> <!-- test.classes.AmazonHomePageLinksTest -->
