<?xml version="1.0" encoding="UTF-8"?>
<!-- Generated by org.testng.reporters.JUnitReportReporter -->
<testsuite skipped="0" hostname="LAPTOP-U3SON4MT" name="test.classes.ExpediaSearchTest" tests="1" failures="0" timestamp="16 Jul 2018 18:01:59 GMT" time="24.502" errors="0">
  <testcase name="flightSearchTest" time="24.502" classname="test.classes.ExpediaSearchTest"/>
</testsuite> <!-- test.classes.ExpediaSearchTest -->
