<?xml version="1.0" encoding="UTF-8"?>
<!-- Generated by org.testng.reporters.JUnitReportReporter -->
<testsuite skipped="0" hostname="LAPTOP-U3SON4MT" name="test.classes.LoginPageTest" tests="1" failures="0" timestamp="27 Oct 2018 21:18:13 GMT" time="6.318" errors="0">
  <testcase name="loginTest" time="6.318" classname="test.classes.LoginPageTest"/>
</testsuite> <!-- test.classes.LoginPageTest -->
