<?xml version="1.0" encoding="UTF-8"?>
<!-- Generated by org.testng.reporters.JUnitReportReporter -->
<testsuite skipped="0" hostname="LAPTOP-U3SON4MT" name="test.classes.Other" tests="3" failures="0" timestamp="27 Oct 2018 21:18:26 GMT" time="0.028" errors="0">
  <testcase name="addfourTest" time="0.016" classname="test.classes.Other"/>
  <testcase name="addtwoTest" time="0.000" classname="test.classes.Other"/>
  <testcase name="addthreeTest" time="0.012" classname="test.classes.Other"/>
</testsuite> <!-- test.classes.Other -->
