<?xml version="1.0" encoding="UTF-8"?>
<!-- Generated by org.testng.reporters.JUnitReportReporter -->
<testsuite skipped="0" hostname="RYs-MacBook-Pro" name="test.classes.Other" tests="3" failures="0" timestamp="26 Aug 2019 03:10:01 GMT" time="0.011" errors="0">
  <testcase name="addfourTest" time="0.009" classname="test.classes.Other"/>
  <testcase name="addtwoTest" time="0.001" classname="test.classes.Other"/>
  <testcase name="addthreeTest" time="0.001" classname="test.classes.Other"/>
</testsuite> <!-- test.classes.Other -->
