<?xml version="1.0" encoding="UTF-8"?>
<!-- Generated by org.testng.reporters.JUnitReportReporter -->
<testsuite skipped="0" hostname="RYs-MacBook-Pro" name="test.classes.AmazonHomePageTest" tests="4" failures="0" timestamp="26 Aug 2019 04:06:49 GMT" time="4.720" errors="0">
  <testcase name="displaySignInBoxTest" time="0.860" classname="test.classes.AmazonHomePageTest"/>
  <testcase name="enterUsernameTest" time="0.221" classname="test.classes.AmazonHomePageTest"/>
  <testcase name="enterPasswordTest" time="0.113" classname="test.classes.AmazonHomePageTest"/>
  <testcase name="clickSignInButtonB" time="3.526" classname="test.classes.AmazonHomePageTest"/>
</testsuite> <!-- test.classes.AmazonHomePageTest -->
